<?xml version="1.0" encoding="UTF-8"?>
<testng-results skipped="0" failed="0" total="1" passed="1">
  <reporter-output>
    <line>
      <![CDATA[Titles are same]]>
    </line>
    <line>
      <![CDATA[text IGNITE EvoKNIT Lo 2 Men's Running Shoes is present]]>
    </line>
    <line>
      <![CDATA[Quantity is present:one]]>
    </line>
  </reporter-output>
  <suite name="Default suite" duration-ms="128643" started-at="2018-05-09T05:26:36Z" finished-at="2018-05-09T05:28:45Z">
    <groups>
    </groups>
    <test name="Default test" duration-ms="128643" started-at="2018-05-09T05:26:36Z" finished-at="2018-05-09T05:28:45Z">
      <class name="com.puma.Script.AddProductTest">
        <test-method status="PASS" signature="openApplication()[pri:0, instance:com.puma.Script.AddProductTest@28d25987]" name="openApplication" is-config="true" duration-ms="24984" started-at="2018-05-09T10:56:36Z" finished-at="2018-05-09T10:57:01Z">
          <reporter-output>
          </reporter-output>
        </test-method> <!-- openApplication -->
        <test-method status="PASS" signature="addProduct()[pri:0, instance:com.puma.Script.AddProductTest@28d25987]" name="addProduct" duration-ms="103550" started-at="2018-05-09T10:57:01Z" finished-at="2018-05-09T10:58:45Z">
          <reporter-output>
            <line>
              <![CDATA[Titles are same]]>
            </line>
            <line>
              <![CDATA[text IGNITE EvoKNIT Lo 2 Men's Running Shoes is present]]>
            </line>
            <line>
              <![CDATA[Quantity is present:one]]>
            </line>
          </reporter-output>
        </test-method> <!-- addProduct -->
        <test-method status="PASS" signature="closeApplication()[pri:0, instance:com.puma.Script.AddProductTest@28d25987]" name="closeApplication" is-config="true" duration-ms="85" started-at="2018-05-09T10:58:45Z" finished-at="2018-05-09T10:58:45Z">
          <reporter-output>
          </reporter-output>
        </test-method> <!-- closeApplication -->
      </class> <!-- com.puma.Script.AddProductTest -->
    </test> <!-- Default test -->
  </suite> <!-- Default suite -->
</testng-results>
